<?xml version="1.0" encoding="UTF-8"?>
<!-- Generated by org.testng.reporters.JUnitXMLReporter -->
<testsuite hostname="WT386.local" ignored="2" name="FunctionalTest1" tests="1" failures="0" timestamp="16 Jan 2021 17:11:04 GMT" time="12.482" errors="0">
  <testcase name="@AfterMethod afterMethod" time="0.004" classname="com.qa.gridizen.LoginTest.AddPropertyTest">
    <failure type="java.lang.NullPointerException">
      <![CDATA[java.lang.NullPointerException
at com.qa.gridizen.LoginTest.AddPropertyTest.afterMethod(AddPropertyTest.java:115)
... Removed 28 stack frames]]>
    </failure>
  </testcase> <!-- @AfterMethod afterMethod -->
  <testcase name="clickOnHmo" time="0.486" classname="com.qa.gridizen.LoginTest.AddPropertyTest"/>
  <testcase name="one" time="0.0" classname="com.qa.gridizen.LoginTest.AddPropertyTest">
    <ignored/>
  </testcase> <!-- one -->
  <testcase name="addpropertyData" time="0.0" classname="com.qa.gridizen.LoginTest.AddPropertyTest">
    <ignored/>
  </testcase> <!-- addpropertyData -->
</testsuite> <!-- FunctionalTest1 -->
