<?xml version="1.0" encoding="UTF-8"?>
<!-- Generated by org.testng.reporters.JUnitXMLReporter -->
<testsuite hostname="WT386.local" ignored="0" name="FunctionalTest" tests="5" failures="0" timestamp="09 Jan 2021 17:32:18 GMT" time="130.297" errors="0">
  <testcase name="one" time="18.988" classname="com.qa.gridizen.LoginTest.LoginTest"/>
  <testcase name="add" time="16.533" classname="com.qa.gridizen.LoginTest.AddMantenanceTest"/>
  <testcase name="add" time="16.329" classname="com.qa.gridizen.LoginTest.AddMantenanceTest"/>
  <testcase name="add" time="15.445" classname="com.qa.gridizen.LoginTest.AddMantenanceTest"/>
  <testcase name="add" time="16.253" classname="com.qa.gridizen.LoginTest.AddMantenanceTest"/>
</testsuite> <!-- FunctionalTest -->
